<?xml version="1.0" encoding="UTF-8"?>
<!-- Generated by org.testng.reporters.JUnitReportReporter -->
<testsuite skipped="0" hostname="Adityas-MacBook-Pro.local" name="com.ad.adinate.testscripts.NewTest" tests="5" failures="0" timestamp="09 Feb 2018 11:17:50 GMT" time="61.489" errors="0">
  <testcase name="verifyRegistration" time="11.485" classname="com.ad.adinate.testscripts.NewTest"/>
  <testcase name="verifyRegistration" time="13.675" classname="com.ad.adinate.testscripts.NewTest"/>
  <testcase name="verifyRegistration" time="14.320" classname="com.ad.adinate.testscripts.NewTest"/>
  <testcase name="verifyRegistration" time="11.232" classname="com.ad.adinate.testscripts.NewTest"/>
  <testcase name="verifyRegistration" time="10.777" classname="com.ad.adinate.testscripts.NewTest"/>
</testsuite> <!-- com.ad.adinate.testscripts.NewTest -->
